build/app/outputs/mapping/release/mapping.txt
# compiler: R8
# compiler_version: 1.5.64
# min_api: 16
# pg_map_id: 5da19a4
...
io.flutter.embedding.engine.systemchannels.MouseCursorChannel$1 -> io.flutter.embedding.engine.i.g$a:
    io.flutter.embedding.engine.systemchannels.MouseCursorChannel this$0 -> a
    void onMethodCall(io.flutter.plugin.common.MethodCall,io.flutter.plugin.common.MethodChannel$Result) -> a
io.flutter.embedding.engine.systemchannels.MouseCursorChannel$MouseCursorMethodHandler -> io.flutter.embedding.engine.i.g$b:
    void activateSystemCursor(java.lang.String) -> a
io.flutter.embedding.engine.systemchannels.NavigationChannel -> io.flutter.embedding.engine.i.h:
    io.flutter.plugin.common.MethodChannel channel -> a
    void popRoute() -> a
    void pushRoute(java.lang.String) -> a
    void setInitialRoute(java.lang.String) -> b
io.flutter.embedding.engine.systemchannels.PlatformChannel -> io.flutter.embedding.engine.i.i:
    io.flutter.plugin.common.MethodChannel$MethodCallHandler parsingMethodCallHandler -> c
    io.flutter.embedding.engine.systemchannels.PlatformChannel$PlatformMessageHandler platformMessageHandler -> b
    io.flutter.plugin.common.MethodChannel channel -> a
    io.flutter.embedding.engine.systemchannels.PlatformChannel$PlatformMessageHandler access$000(io.flutter.embedding.engine.systemchannels.PlatformChannel) -> a
    int access$100(io.flutter.embedding.engine.systemchannels.PlatformChannel,org.json.JSONArray) -> a
    io.flutter.embedding.engine.systemchannels.PlatformChannel$AppSwitcherDescription access$200(io.flutter.embedding.engine.systemchannels.PlatformChannel,org.json.JSONObject) -> a
    io.flutter.embedding.engine.systemchannels.PlatformChannel$AppSwitcherDescription decodeAppSwitcherDescription(org.json.JSONObject) -> a
    int decodeOrientations(org.json.JSONArray) -> a
    void setPlatformMessageHandler(io.flutter.embedding.engine.systemchannels.PlatformChannel$PlatformMessageHandler) -> a
    java.util.List access$300(io.flutter.embedding.engine.systemchannels.PlatformChannel,org.json.JSONArray) -> b
    io.flutter.embedding.engine.systemchannels.PlatformChannel$SystemChromeStyle access$400(io.flutter.embedding.engine.systemchannels.PlatformChannel,org.json.JSONObject) -> b
io.flutter.embedding.engine.systemchannels.PlatformChannel$1 -> io.flutter.embedding.engine.i.i$a:
    io.flutter.embedding.engine.systemchannels.PlatformChannel this$0 -> a
    void onMethodCall(io.flutter.plugin.common.MethodCall,io.flutter.plugin.common.MethodChannel$Result) -> a
io.flutter.embedding.engine.systemchannels.PlatformChannel$2 -> io.flutter.embedding.engine.i.i$b:
    int[] $SwitchMap$io$flutter$embedding$engine$systemchannels$PlatformChannel$SystemUiOverlay -> b
    int[] $SwitchMap$io$flutter$embedding$engine$systemchannels$PlatformChannel$DeviceOrientation -> a
io.flutter.embedding.engine.systemchannels.PlatformChannel$AppSwitcherDescription -> io.flutter.embedding.engine.i.i$c:
    java.lang.String label -> b
    int color -> a
io.flutter.embedding.engine.systemchannels.PlatformChannel$Brightness -> io.flutter.embedding.engine.i.i$d:
    io.flutter.embedding.engine.systemchannels.PlatformChannel$Brightness[] $VALUES -> d
    io.flutter.embedding.engine.systemchannels.PlatformChannel$Brightness LIGHT -> b
    java.lang.String encodedName -> a
    io.flutter.embedding.engine.systemchannels.PlatformChannel$Brightness DARK -> c
    io.flutter.embedding.engine.systemchannels.PlatformChannel$Brightness fromValue(java.lang.String) -> a
io.flutter.embedding.engine.systemchannels.PlatformChannel$ClipboardContentFormat -> io.flutter.embedding.engine.i.i$e:
    io.flutter.embedding.engine.systemchannels.PlatformChannel$ClipboardContentFormat[] $VALUES -> c
    java.lang.String encodedName -> a
    io.flutter.embedding.engine.systemchannels.PlatformChannel$ClipboardContentFormat PLAIN_TEXT -> b
    io.flutter.embedding.engine.systemchannels.PlatformChannel$ClipboardContentFormat fromValue(java.lang.String) -> a